C:\USERS\CIC\DOWNLOADS\2_DEPTH\2_DEPTH\DEBUG\MAIN.OBJ
C:\USERS\CIC\DOWNLOADS\2_DEPTH\2_DEPTH\DEBUG\SDL.OBJ
C:\USERS\CIC\DOWNLOADS\2_DEPTH\2_DEPTH\DEBUG\VC110.PDB
C:\USERS\CIC\DOWNLOADS\2_DEPTH\2_DEPTH\DEBUG\KINECTTUTORIAL2.ILK
C:\USERS\CIC\DOWNLOADS\2_DEPTH\2_DEPTH\DEBUG\KINECTTUTORIAL2.EXE
C:\USERS\CIC\DOWNLOADS\2_DEPTH\2_DEPTH\DEBUG\KINECTTUTORIAL2.PDB
C:\Users\cic\Downloads\2_Depth\2_Depth\Debug\main.obj
C:\Users\cic\Downloads\2_Depth\2_Depth\Debug\SDL.obj
C:\Users\cic\Downloads\2_Depth\2_Depth\Debug\KinectTutorial2.ilk
C:\Users\cic\Downloads\2_Depth\2_Depth\Debug\cl.command.1.tlog
C:\Users\cic\Downloads\2_Depth\2_Depth\Debug\CL.read.1.tlog
C:\Users\cic\Downloads\2_Depth\2_Depth\Debug\CL.write.1.tlog
C:\Users\cic\Downloads\2_Depth\2_Depth\Debug\link-cvtres.read.1.tlog
C:\Users\cic\Downloads\2_Depth\2_Depth\Debug\link-cvtres.write.1.tlog
C:\Users\cic\Downloads\2_Depth\2_Depth\Debug\link-rc.read.1.tlog
C:\Users\cic\Downloads\2_Depth\2_Depth\Debug\link-rc.write.1.tlog
C:\Users\cic\Downloads\2_Depth\2_Depth\Debug\link.6088-cvtres.read.1.tlog
C:\Users\cic\Downloads\2_Depth\2_Depth\Debug\link.6088-cvtres.write.1.tlog
C:\Users\cic\Downloads\2_Depth\2_Depth\Debug\link.6088-rc.read.1.tlog
C:\Users\cic\Downloads\2_Depth\2_Depth\Debug\link.6088-rc.write.1.tlog
C:\Users\cic\Downloads\2_Depth\2_Depth\Debug\link.6088.read.1.tlog
C:\Users\cic\Downloads\2_Depth\2_Depth\Debug\link.6088.write.1.tlog
C:\Users\cic\Downloads\2_Depth\2_Depth\Debug\link.command.1.tlog
C:\Users\cic\Downloads\2_Depth\2_Depth\Debug\link.read.1.tlog
C:\Users\cic\Downloads\2_Depth\2_Depth\Debug\link.write.1.tlog
C:\Users\cic\Downloads\2_Depth\2_Depth\Debug\vc110.idb
C:\Users\cic\Downloads\2_Depth\2_Depth\Debug\KinectTutorial2.pdb
C:\Users\cic\Downloads\2_Depth\2_Depth\Debug\vc110.pdb
C:\Users\cic\Downloads\2_Depth\2_Depth\Debug\KinectTutorial2.exe
